2025/04/30 10:21:51 DFAST pipeline started. (version 1.3.6)
2025/04/30 10:21:51 Results will be generated into 'dfast_output'.
2025/04/30 10:21:51 Loading a genomic fasta file from spadesoutput/scaffolds.fasta
2025/04/30 10:21:51 Genome source information: organism=, strain=
2025/04/30 10:21:51 The query genome is treated as a draft genome with 168 sequences.
2025/04/30 10:21:51 Sequences are sorted by length (from longer to shorter).
2025/04/30 10:21:51 Sequences shorter than 200 will be eliminated.
2025/04/30 10:21:51 Sequences will be renamed as sequence001, sequence002...
2025/04/30 10:21:51 Locus_tag settings: locus_tag_prefix=LOCUS and step=10.
2025/04/30 10:21:51 Locus_tags are assigned separately to each feature type. e.g. CDS: LOCUS_000xx, rRNA: LOCUS_r000xx, tRNA: LOCUS_t000xx, tmRNA: LOCUS_tm000xx.
2025/04/30 10:21:51 Remove_Partial_Feature is enabled.
2025/04/30 10:21:51 Remove_Overlapping_Feature is enabled. Priority: ['assembly_gap', 'CRISPR', ('tmRNA', 'tRNA', 'rRNA'), 'CDS']
2025/04/30 10:21:51 Initializing structural annotation tools... 
2025/04/30 10:21:51 GAPannotator initialized. (Version 1.0)
2025/04/30 10:21:51 Setting GAPannotator options. {'len_cutoff': 5, 'linkage_evidence': 'paired-ends', 'gap_type': 'within scaffold'}
2025/04/30 10:21:51 Checking MetaGeneAnnotator... 
2025/04/30 10:21:51 MetaGeneAnnotator initialized. (Version 2008/08/19)
2025/04/30 10:21:51 Setting MetaGeneAnnotator options. {'cmd_options': '-s', 'transl_table': 11}
2025/04/30 10:21:51 Checking Aragorn version... 
2025/04/30 10:21:51 Aragorn initialized. (Version 1.2.41)
2025/04/30 10:21:51 Setting Aragorn options. {'gcode': '-gcbact', 'cmd_options': '-l', 'transl_table': 11}
2025/04/30 10:21:51 Checking Barrnap version... 
2025/04/30 10:21:52 Barrnap initialized. (Version 0.9)
2025/04/30 10:21:52 Checking CRT version... 
2025/04/30 10:21:52 CRT initialized. (Version 1.2)
2025/04/30 10:21:52 Setting CRT options. {'jar_file': '/Users/gracemrodrigues/miniconda3/envs/genomeanalysis/opt/dfast-1.3.6/bin/common/CRT1.2-CLI.jar', 'java_options': '', 'cmd_options': ''}
2025/04/30 10:21:52 Checking Java version... 
2025/04/30 10:21:52 Java initialized. (Version 23.0.2)
2025/04/30 10:21:52 Initializing contig annotation tools... 
2025/04/30 10:21:52 Initializing annotation components... 
2025/04/30 10:21:52 DBsearch initialized.
2025/04/30 10:21:52 Setting DBsearch options. {'skipAnnotatedFeatures': True, 'evalue_cutoff': 1e-06, 'qcov_cutoff': 75, 'scov_cutoff': 75, 'pident_cutoff': 0, 'aligner': 'ghostx', 'aligner_options': {}, 'database': '/Users/gracemrodrigues/miniconda3/envs/genomeanalysis/opt/dfast-1.3.6/db/protein/DFAST-default.ref', 'db_name': ''}
2025/04/30 10:21:52 Checking GHOSTX version... 
2025/04/30 10:21:52 GHOSTX initialized. (Version 1.3.6)
2025/04/30 10:21:53 Reference DB loaded. 381721 sequences. [version=1.2.1, dbname=DFAST-default, contributor=yt,ddbj, modified=20240214]
2025/04/30 10:21:53 PseudoGeneDetection initialized.
2025/04/30 10:21:53 Setting PseudoGeneDetection options. {'cpu': 1, 'skipAnnotatedFeatures': False, 'extension': 300, 'scov_cutoff': 85, 'transl_table': 11}
2025/04/30 10:21:53 Checking lastdb version... 
2025/04/30 10:21:53 lastdb initialized. (Version 959)
2025/04/30 10:21:53 Setting lastdb options. {'cpu': 1, 'skipAnnotatedFeatures': False, 'extension': 300, 'scov_cutoff': 85, 'transl_table': 11}
2025/04/30 10:21:53 Checking lastal version... 
2025/04/30 10:21:53 lastal initialized. (Version 959)
2025/04/30 10:21:53 Setting lastal options. {'cpu': 1, 'skipAnnotatedFeatures': False, 'extension': 300, 'scov_cutoff': 85, 'transl_table': 11}
2025/04/30 10:21:53 Checking Blastp version... 
2025/04/30 10:21:54 Blastp initialized. (Version 2.16.0)
2025/04/30 10:21:54 HMMscan initialized.
2025/04/30 10:21:54 Setting HMMscan options. {'skipAnnotatedFeatures': True, 'evalue_cutoff': 1e-06, 'database': '/Users/gracemrodrigues/miniconda3/envs/genomeanalysis/opt/dfast-1.3.6/db/hmm/TIGRFAMs_15.0_HMM.LIB', 'db_name': 'TIGR', 'cmd_options': ''}
2025/04/30 10:21:54 Checking hmmscan version... 
2025/04/30 10:21:54 hmmscan initialized. (Version 3.4)
2025/04/30 10:21:54 Setting hmmscan options. {'skipAnnotatedFeatures': True, 'evalue_cutoff': 1e-06, 'database': '/Users/gracemrodrigues/miniconda3/envs/genomeanalysis/opt/dfast-1.3.6/db/hmm/TIGRFAMs_15.0_HMM.LIB', 'db_name': 'TIGR', 'cmd_options': ''}
2025/04/30 10:21:54 CDDsearch initialized.
2025/04/30 10:21:54 Setting CDDsearch options. {'skipAnnotatedFeatures': False, 'evalue_cutoff': 1e-06, 'database': '/Users/gracemrodrigues/miniconda3/envs/genomeanalysis/opt/dfast-1.3.6/db/cdd/Cog', 'rpsbproc_data': '/Users/gracemrodrigues/miniconda3/envs/genomeanalysis/opt/dfast-1.3.6/bin/common/rpsbproc_data'}
2025/04/30 10:21:54 Checking RPSblast version... 
2025/04/30 10:21:54 RPSblast initialized. (Version 2.16.0)
2025/04/30 10:21:54 Setting RPSblast options. {'skipAnnotatedFeatures': False, 'evalue_cutoff': 1e-06, 'database': '/Users/gracemrodrigues/miniconda3/envs/genomeanalysis/opt/dfast-1.3.6/db/cdd/Cog', 'rpsbproc_data': '/Users/gracemrodrigues/miniconda3/envs/genomeanalysis/opt/dfast-1.3.6/bin/common/rpsbproc_data'}
2025/04/30 10:21:54 Checking rpsbproc version... 
2025/04/30 10:21:54 rpsbproc initialized. (Version 0.1)
2025/04/30 10:21:54 Setting rpsbproc options. {'skipAnnotatedFeatures': False, 'evalue_cutoff': 1e-06, 'database': '/Users/gracemrodrigues/miniconda3/envs/genomeanalysis/opt/dfast-1.3.6/db/cdd/Cog', 'rpsbproc_data': '/Users/gracemrodrigues/miniconda3/envs/genomeanalysis/opt/dfast-1.3.6/bin/common/rpsbproc_data'}
2025/04/30 10:21:54 Start structural annotation process using 4 CPUs
2025/04/30 10:21:56 5 assembly_gap features were detected by GAPannotator.
2025/04/30 10:21:56 2951 CDS features were detected by MetaGeneAnnotator.
2025/04/30 10:21:56 54 tRNA features were detected by Aragorn.
2025/04/30 10:21:56 6 rRNA features were detected by Barrnap.
2025/04/30 10:21:56 9 CRISPR (later will be replaced by repeat_region) features were detected by CRT.
2025/04/30 10:21:56 Removed 14 overlapping features.
2025/04/30 10:21:56 Start executing functional annotation components.
2025/04/30 10:21:56 DBsearch will be performed using 4 CPUs.
2025/04/30 10:22:15 DBsearch done 3/4.
2025/04/30 10:22:15 DBsearch done 4/4.
2025/04/30 10:22:15 DBsearch done 2/4.
2025/04/30 10:22:16 DBsearch done 1/4.
2025/04/30 10:22:16 Last format DB will be performed using 1 CPUs.
2025/04/30 10:22:16 Last format DB done 1/1.
2025/04/30 10:22:16 Last alignment will be performed using 1 CPUs.
2025/04/30 10:22:16 Last alignment done 1/1.
2025/04/30 10:22:17 10 CDS features were marked as possible pseudo due to internal stop codons.
2025/04/30 10:22:17 19 CDS features were marked as possible pseudo due to frameshift.
2025/04/30 10:22:17 HMMscan will be performed using 4 CPUs.
2025/04/30 10:22:38 HMMscan done 4/4.
2025/04/30 10:22:38 HMMscan done 2/4.
2025/04/30 10:22:38 HMMscan done 3/4.
2025/04/30 10:22:39 HMMscan done 1/4.
2025/04/30 10:22:39 Collecting HMMscan results.
2025/04/30 10:22:39 RPSblast will be performed using 4 CPUs.
2025/04/30 10:23:47 RPSblast done 3/4.
2025/04/30 10:23:47 RPSblast done 4/4.
2025/04/30 10:23:47 RPSblast done 2/4.
2025/04/30 10:23:49 RPSblast done 1/4.
2025/04/30 10:23:49 rpsbproc will be performed using 4 CPUs.
2025/04/30 10:23:50 rpsbproc done 4/4.
2025/04/30 10:23:50 rpsbproc done 3/4.
2025/04/30 10:23:50 rpsbproc done 1/4.
2025/04/30 10:23:50 rpsbproc done 2/4.
2025/04/30 10:23:50 Start contig annotation process using 4 CPUs
2025/04/30 10:23:50 Partial CDS predicted at sequence006:[165357:>166067](-) will be annotated as misc_feature
2025/04/30 10:23:50 Removed 119 partial features.
2025/04/30 10:23:50 Assigning locus_tags to CDS, rRNA, tRNA, tmRNA
2025/04/30 10:23:50 Setting output verbosity level to 3.
2025/04/30 10:23:50 Writing a genome fasta file to dfast_output/genome.fna
2025/04/30 10:23:50 Writing a CDS fasta file to dfast_output/cds.fna
2025/04/30 10:23:50 Writing a protein fasta file to dfast_output/protein.faa
2025/04/30 10:23:50 Writing an RNA fasta file to dfast_output/rna.fna
2025/04/30 10:23:50 Writing a GFF file to dfast_output/genome.gff
2025/04/30 10:23:50 Writing a GenBank format file to dfast_output/genome.gbk
2025/04/30 10:23:51 Writing an EMBL format file to dfast_output/genome.embl
2025/04/30 10:23:51 Writing a DDBJ annotation file to dfast_output/ddbj/mss.ann
2025/04/30 10:23:51 Writing a DDBJ sequence file to dfast_output/ddbj/mss.fasta
2025/04/30 10:23:51 [Experimental] DFAST Record JSON will not be generated. Please install dr_tools and use Python>=3.10.
2025/04/30 10:23:51 DFAST pipeline completed!
2025/04/30 10:23:51 Total running time: 0h2m0s
