/Users/gracemrodrigues/miniconda3/envs/genomeanalysis/bin/quast.py abyssout/assembly-scaffolds.fa -o quastabyss

Version: 5.3.0

System information:
  OS: macOS-15.3.2-x86_64-i386-64bit-Mach-O (macosx)
  Python version: 3.13.2
  CPUs number: 10

Started: 2025-04-30 10:17:32

Logging to /Users/gracemrodrigues/Desktop/genome-final/quastabyss/quast.log
NOTICE: Maximum number of threads is set to 2 (use --threads option to set it manually)
WARNING: Maximum number of threads is reset to 1 to prevent the crash due to a known bug when using multi-threading in Python 3.8+ on macOS! For multi-threading please downgrade your Python to 3.7. Sorry for the inconvenience! Please find more details in https://github.com/ablab/quast/issues/175

CWD: /Users/gracemrodrigues/Desktop/genome-final
Main parameters: 
  MODE: default, threads: 1, min contig length: 500, min alignment length: 65, min alignment IDY: 95.0, \
  ambiguity: one, min local misassembly length: 200, min extensive misassembly length: 1000

Contigs:
  Pre-processing...
  abyssout/assembly-scaffolds.fa ==> assembly-scaffolds

2025-04-30 10:17:32
Running Basic statistics processor...
  Contig files: 
    assembly-scaffolds
  Calculating N50 and L50...
    assembly-scaffolds, N50 = 183049, L50 = 5, auN = 263979.0, Total length = 2934135, GC % = 28.55, # N's per 100 kbp =  5.11
  Drawing Nx plot...
    saved to /Users/gracemrodrigues/Desktop/genome-final/quastabyss/basic_stats/Nx_plot.pdf
  Drawing cumulative plot...
    saved to /Users/gracemrodrigues/Desktop/genome-final/quastabyss/basic_stats/cumulative_plot.pdf
  Drawing GC content plot...
    saved to /Users/gracemrodrigues/Desktop/genome-final/quastabyss/basic_stats/GC_content_plot.pdf
  Drawing assembly-scaffolds GC content plot...
    saved to /Users/gracemrodrigues/Desktop/genome-final/quastabyss/basic_stats/assembly-scaffolds_GC_content_plot.pdf
Done.

NOTICE: Genes are not predicted by default. Use --gene-finding or --glimmer option to enable it.

2025-04-30 10:17:32
Creating large visual summaries...
This may take a while: press Ctrl-C to skip this step..
  1 of 2: Creating PDF with all tables and plots...
  2 of 2: Creating Icarus viewers...
Done

2025-04-30 10:17:33
RESULTS:
  Text versions of total report are saved to /Users/gracemrodrigues/Desktop/genome-final/quastabyss/report.txt, report.tsv, and report.tex
  Text versions of transposed total report are saved to /Users/gracemrodrigues/Desktop/genome-final/quastabyss/transposed_report.txt, transposed_report.tsv, and transposed_report.tex
  HTML version (interactive tables and plots) is saved to /Users/gracemrodrigues/Desktop/genome-final/quastabyss/report.html
  PDF version (tables and plots) is saved to /Users/gracemrodrigues/Desktop/genome-final/quastabyss/report.pdf
  Icarus (contig browser) is saved to /Users/gracemrodrigues/Desktop/genome-final/quastabyss/icarus.html
  Log is saved to /Users/gracemrodrigues/Desktop/genome-final/quastabyss/quast.log

Finished: 2025-04-30 10:17:33
Elapsed time: 0:00:01.201456
NOTICEs: 2; WARNINGs: 1; non-fatal ERRORs: 0

Thank you for using QUAST!
